2023-12-04 13:35:14,367 INFO Компьютер загадал число от 1 до 7 (3). Количество попыток: 3
2023-12-04 13:35:25,615 INFO Попытка 1: 4
2023-12-04 13:35:25,615 INFO Загаданное число меньше!
2023-12-04 13:35:31,342 INFO Попытка 2: 2
2023-12-04 13:35:31,343 INFO Загаданное число больше!
2023-12-04 13:35:33,719 INFO Попытка 3: 1
2023-12-04 13:35:33,719 INFO Загаданное число больше!
2023-12-04 13:35:33,719 INFO Игра завершена: проигрыш
2023-12-04 13:36:26,318 ERROR ! Ошибка! Некорректный ввод: -2, 4
2023-12-04 13:36:30,326 ERROR ! Ошибка! Некорректный ввод: -2, 4
2023-12-04 13:36:45,782 INFO Компьютер загадал число от 1 до 10 (7). Количество попыток: 5
2023-12-04 13:36:50,398 INFO Попытка 1: 2
2023-12-04 13:36:50,398 INFO Загаданное число больше!
2023-12-04 13:36:52,502 INFO Попытка 2: 3
2023-12-04 13:36:52,502 INFO Загаданное число больше!
2023-12-04 13:36:53,286 INFO Попытка 3: 4
2023-12-04 13:36:53,286 INFO Загаданное число больше!
2023-12-04 13:36:55,646 INFO Попытка 4: 5
2023-12-04 13:36:55,646 INFO Загаданное число больше!
2023-12-04 13:36:57,094 INFO Попытка 5: 6
2023-12-04 13:36:57,094 INFO Загаданное число больше!
2023-12-04 13:36:57,094 INFO Игра завершена: проигрыш
